The system is: Linux - 4.15.0-50-generic - x86_64
Compiling the CXX compiler identification source file "CMakeCXXCompilerId.cpp" succeeded.
Compiler: /home/linuxbrew/.linuxbrew/bin/c++ 
Build flags: 
Id flags:  

The output was:
0


Compilation of the CXX compiler identification source "CMakeCXXCompilerId.cpp" produced "a.out"

The CXX compiler identification is GNU, found in "/home/ugurcan/sieve-of-eratosthenes/CMakeFiles/3.10.2/CompilerIdCXX/a.out"

Determining if the CXX compiler works passed with the following output:
Change Dir: /home/ugurcan/sieve-of-eratosthenes/CMakeFiles/CMakeTmp

Run Build Command:"/usr/bin/make" "cmTC_6ff90/fast"
/usr/bin/make -f CMakeFiles/cmTC_6ff90.dir/build.make CMakeFiles/cmTC_6ff90.dir/build
make[1]: Entering directory '/home/ugurcan/sieve-of-eratosthenes/CMakeFiles/CMakeTmp'
Building CXX object CMakeFiles/cmTC_6ff90.dir/testCXXCompiler.cxx.o
/home/linuxbrew/.linuxbrew/bin/c++     -o CMakeFiles/cmTC_6ff90.dir/testCXXCompiler.cxx.o -c /home/ugurcan/sieve-of-eratosthenes/CMakeFiles/CMakeTmp/testCXXCompiler.cxx
Linking CXX executable cmTC_6ff90
/usr/bin/cmake -E cmake_link_script CMakeFiles/cmTC_6ff90.dir/link.txt --verbose=1
/home/linuxbrew/.linuxbrew/bin/c++       CMakeFiles/cmTC_6ff90.dir/testCXXCompiler.cxx.o  -o cmTC_6ff90 
make[1]: Leaving directory '/home/ugurcan/sieve-of-eratosthenes/CMakeFiles/CMakeTmp'


Detecting CXX compiler ABI info compiled with the following output:
Change Dir: /home/ugurcan/sieve-of-eratosthenes/CMakeFiles/CMakeTmp

Run Build Command:"/usr/bin/make" "cmTC_8c290/fast"
/usr/bin/make -f CMakeFiles/cmTC_8c290.dir/build.make CMakeFiles/cmTC_8c290.dir/build
make[1]: Entering directory '/home/ugurcan/sieve-of-eratosthenes/CMakeFiles/CMakeTmp'
Building CXX object CMakeFiles/cmTC_8c290.dir/CMakeCXXCompilerABI.cpp.o
/home/linuxbrew/.linuxbrew/bin/c++     -o CMakeFiles/cmTC_8c290.dir/CMakeCXXCompilerABI.cpp.o -c /usr/share/cmake-3.10/Modules/CMakeCXXCompilerABI.cpp
Linking CXX executable cmTC_8c290
/usr/bin/cmake -E cmake_link_script CMakeFiles/cmTC_8c290.dir/link.txt --verbose=1
/home/linuxbrew/.linuxbrew/bin/c++      -v CMakeFiles/cmTC_8c290.dir/CMakeCXXCompilerABI.cpp.o  -o cmTC_8c290 
Reading specs from /home/linuxbrew/.linuxbrew/Cellar/gcc/5.5.0_4/lib/gcc/x86_64-unknown-linux-gnu/5.5.0/specs
COLLECT_GCC=/home/linuxbrew/.linuxbrew/bin/c++
COLLECT_LTO_WRAPPER=/home/linuxbrew/.linuxbrew/Cellar/gcc/5.5.0_4/libexec/gcc/x86_64-unknown-linux-gnu/5.5.0/lto-wrapper
Target: x86_64-unknown-linux-gnu
Configured with: ../configure --with-isl=/home/linuxbrew/.linuxbrew/opt/isl@0.18 --with-bugurl=https://github.com/Linuxbrew/homebrew-core/issues --prefix=/home/linuxbrew/.linuxbrew/Cellar/gcc/5.5.0_4 --enable-languages=c,c++,objc,obj-c++,fortran --program-suffix=-5 --with-gmp=/home/linuxbrew/.linuxbrew/opt/gmp --with-mpfr=/home/linuxbrew/.linuxbrew/opt/mpfr --with-mpc=/home/linuxbrew/.linuxbrew/opt/libmpc --enable-stage1-checking --enable-checking=release --enable-lto --with-build-config=bootstrap-debug --disable-werror --with-pkgversion='Homebrew gcc 5.5.0_4' --with-boot-ldflags='-static-libstdc++ -static-libgcc ' --disable-nls --disable-multilib
Thread model: posix
gcc version 5.5.0 (Homebrew gcc 5.5.0_4) 
COMPILER_PATH=/home/linuxbrew/.linuxbrew/Cellar/gcc/5.5.0_4/libexec/gcc/x86_64-unknown-linux-gnu/5.5.0/:/home/linuxbrew/.linuxbrew/Cellar/gcc/5.5.0_4/libexec/gcc/x86_64-unknown-linux-gnu/5.5.0/:/home/linuxbrew/.linuxbrew/Cellar/gcc/5.5.0_4/libexec/gcc/x86_64-unknown-linux-gnu/:/home/linuxbrew/.linuxbrew/Cellar/gcc/5.5.0_4/lib/gcc/x86_64-unknown-linux-gnu/5.5.0/:/home/linuxbrew/.linuxbrew/Cellar/gcc/5.5.0_4/lib/gcc/x86_64-unknown-linux-gnu/
LIBRARY_PATH=/home/linuxbrew/.linuxbrew/Cellar/gcc/5.5.0_4/lib/gcc/x86_64-unknown-linux-gnu/5.5.0/:/home/linuxbrew/.linuxbrew/Cellar/gcc/5.5.0_4/lib/gcc/x86_64-unknown-linux-gnu/5.5.0/../../../:/lib/x86_64-linux-gnu/:/lib/:/usr/lib/x86_64-linux-gnu/:/usr/lib/
COLLECT_GCC_OPTIONS='-v' '-o' 'cmTC_8c290' '-shared-libgcc' '-mtune=generic' '-march=x86-64'
 /home/linuxbrew/.linuxbrew/Cellar/gcc/5.5.0_4/libexec/gcc/x86_64-unknown-linux-gnu/5.5.0/collect2 -plugin /home/linuxbrew/.linuxbrew/Cellar/gcc/5.5.0_4/libexec/gcc/x86_64-unknown-linux-gnu/5.5.0/liblto_plugin.so -plugin-opt=/home/linuxbrew/.linuxbrew/Cellar/gcc/5.5.0_4/libexec/gcc/x86_64-unknown-linux-gnu/5.5.0/lto-wrapper -plugin-opt=-fresolution=/tmp/cc5T9XkD.res -plugin-opt=-pass-through=-lgcc_s -plugin-opt=-pass-through=-lgcc -plugin-opt=-pass-through=-lc -plugin-opt=-pass-through=-lgcc_s -plugin-opt=-pass-through=-lgcc --eh-frame-hdr -m elf_x86_64 -dynamic-linker /lib64/ld-linux-x86-64.so.2 --dynamic-linker /home/linuxbrew/.linuxbrew/lib/ld.so -rpath /home/linuxbrew/.linuxbrew/lib -o cmTC_8c290 /home/linuxbrew/.linuxbrew/Cellar/gcc/5.5.0_4/lib/gcc/x86_64-unknown-linux-gnu/5.5.0/crt1.o /home/linuxbrew/.linuxbrew/Cellar/gcc/5.5.0_4/lib/gcc/x86_64-unknown-linux-gnu/5.5.0/crti.o /home/linuxbrew/.linuxbrew/Cellar/gcc/5.5.0_4/lib/gcc/x86_64-unknown-linux-gnu/5.5.0/crtbegin.o -L/home/linuxbrew/.linuxbrew/Cellar/gcc/5.5.0_4/lib/gcc/x86_64-unknown-linux-gnu/5.5.0 -L/home/linuxbrew/.linuxbrew/Cellar/gcc/5.5.0_4/lib/gcc/x86_64-unknown-linux-gnu/5.5.0/../../.. -L/lib/x86_64-linux-gnu -L/usr/lib/x86_64-linux-gnu -L/home/linuxbrew/.linuxbrew/lib CMakeFiles/cmTC_8c290.dir/CMakeCXXCompilerABI.cpp.o -lstdc++ -lm -lgcc_s -lgcc -lc -lgcc_s -lgcc /home/linuxbrew/.linuxbrew/Cellar/gcc/5.5.0_4/lib/gcc/x86_64-unknown-linux-gnu/5.5.0/crtend.o /home/linuxbrew/.linuxbrew/Cellar/gcc/5.5.0_4/lib/gcc/x86_64-unknown-linux-gnu/5.5.0/crtn.o
make[1]: Leaving directory '/home/ugurcan/sieve-of-eratosthenes/CMakeFiles/CMakeTmp'


Parsed CXX implicit link information from above output:
  link line regex: [^( *|.*[/\])(ld|CMAKE_LINK_STARTFILE-NOTFOUND|([^/\]+-)?ld|collect2)[^/\]*( |$)]
  ignore line: [Change Dir: /home/ugurcan/sieve-of-eratosthenes/CMakeFiles/CMakeTmp]
  ignore line: []
  ignore line: [Run Build Command:"/usr/bin/make" "cmTC_8c290/fast"]
  ignore line: [/usr/bin/make -f CMakeFiles/cmTC_8c290.dir/build.make CMakeFiles/cmTC_8c290.dir/build]
  ignore line: [make[1]: Entering directory '/home/ugurcan/sieve-of-eratosthenes/CMakeFiles/CMakeTmp']
  ignore line: [Building CXX object CMakeFiles/cmTC_8c290.dir/CMakeCXXCompilerABI.cpp.o]
  ignore line: [/home/linuxbrew/.linuxbrew/bin/c++     -o CMakeFiles/cmTC_8c290.dir/CMakeCXXCompilerABI.cpp.o -c /usr/share/cmake-3.10/Modules/CMakeCXXCompilerABI.cpp]
  ignore line: [Linking CXX executable cmTC_8c290]
  ignore line: [/usr/bin/cmake -E cmake_link_script CMakeFiles/cmTC_8c290.dir/link.txt --verbose=1]
  ignore line: [/home/linuxbrew/.linuxbrew/bin/c++      -v CMakeFiles/cmTC_8c290.dir/CMakeCXXCompilerABI.cpp.o  -o cmTC_8c290 ]
  ignore line: [Reading specs from /home/linuxbrew/.linuxbrew/Cellar/gcc/5.5.0_4/lib/gcc/x86_64-unknown-linux-gnu/5.5.0/specs]
  ignore line: [COLLECT_GCC=/home/linuxbrew/.linuxbrew/bin/c++]
  ignore line: [COLLECT_LTO_WRAPPER=/home/linuxbrew/.linuxbrew/Cellar/gcc/5.5.0_4/libexec/gcc/x86_64-unknown-linux-gnu/5.5.0/lto-wrapper]
  ignore line: [Target: x86_64-unknown-linux-gnu]
  ignore line: [Configured with: ../configure --with-isl=/home/linuxbrew/.linuxbrew/opt/isl@0.18 --with-bugurl=https://github.com/Linuxbrew/homebrew-core/issues --prefix=/home/linuxbrew/.linuxbrew/Cellar/gcc/5.5.0_4 --enable-languages=c,c++,objc,obj-c++,fortran --program-suffix=-5 --with-gmp=/home/linuxbrew/.linuxbrew/opt/gmp --with-mpfr=/home/linuxbrew/.linuxbrew/opt/mpfr --with-mpc=/home/linuxbrew/.linuxbrew/opt/libmpc --enable-stage1-checking --enable-checking=release --enable-lto --with-build-config=bootstrap-debug --disable-werror --with-pkgversion='Homebrew gcc 5.5.0_4' --with-boot-ldflags='-static-libstdc++ -static-libgcc ' --disable-nls --disable-multilib]
  ignore line: [Thread model: posix]
  ignore line: [gcc version 5.5.0 (Homebrew gcc 5.5.0_4) ]
  ignore line: [COMPILER_PATH=/home/linuxbrew/.linuxbrew/Cellar/gcc/5.5.0_4/libexec/gcc/x86_64-unknown-linux-gnu/5.5.0/:/home/linuxbrew/.linuxbrew/Cellar/gcc/5.5.0_4/libexec/gcc/x86_64-unknown-linux-gnu/5.5.0/:/home/linuxbrew/.linuxbrew/Cellar/gcc/5.5.0_4/libexec/gcc/x86_64-unknown-linux-gnu/:/home/linuxbrew/.linuxbrew/Cellar/gcc/5.5.0_4/lib/gcc/x86_64-unknown-linux-gnu/5.5.0/:/home/linuxbrew/.linuxbrew/Cellar/gcc/5.5.0_4/lib/gcc/x86_64-unknown-linux-gnu/]
  ignore line: [LIBRARY_PATH=/home/linuxbrew/.linuxbrew/Cellar/gcc/5.5.0_4/lib/gcc/x86_64-unknown-linux-gnu/5.5.0/:/home/linuxbrew/.linuxbrew/Cellar/gcc/5.5.0_4/lib/gcc/x86_64-unknown-linux-gnu/5.5.0/../../../:/lib/x86_64-linux-gnu/:/lib/:/usr/lib/x86_64-linux-gnu/:/usr/lib/]
  ignore line: [COLLECT_GCC_OPTIONS='-v' '-o' 'cmTC_8c290' '-shared-libgcc' '-mtune=generic' '-march=x86-64']
  link line: [ /home/linuxbrew/.linuxbrew/Cellar/gcc/5.5.0_4/libexec/gcc/x86_64-unknown-linux-gnu/5.5.0/collect2 -plugin /home/linuxbrew/.linuxbrew/Cellar/gcc/5.5.0_4/libexec/gcc/x86_64-unknown-linux-gnu/5.5.0/liblto_plugin.so -plugin-opt=/home/linuxbrew/.linuxbrew/Cellar/gcc/5.5.0_4/libexec/gcc/x86_64-unknown-linux-gnu/5.5.0/lto-wrapper -plugin-opt=-fresolution=/tmp/cc5T9XkD.res -plugin-opt=-pass-through=-lgcc_s -plugin-opt=-pass-through=-lgcc -plugin-opt=-pass-through=-lc -plugin-opt=-pass-through=-lgcc_s -plugin-opt=-pass-through=-lgcc --eh-frame-hdr -m elf_x86_64 -dynamic-linker /lib64/ld-linux-x86-64.so.2 --dynamic-linker /home/linuxbrew/.linuxbrew/lib/ld.so -rpath /home/linuxbrew/.linuxbrew/lib -o cmTC_8c290 /home/linuxbrew/.linuxbrew/Cellar/gcc/5.5.0_4/lib/gcc/x86_64-unknown-linux-gnu/5.5.0/crt1.o /home/linuxbrew/.linuxbrew/Cellar/gcc/5.5.0_4/lib/gcc/x86_64-unknown-linux-gnu/5.5.0/crti.o /home/linuxbrew/.linuxbrew/Cellar/gcc/5.5.0_4/lib/gcc/x86_64-unknown-linux-gnu/5.5.0/crtbegin.o -L/home/linuxbrew/.linuxbrew/Cellar/gcc/5.5.0_4/lib/gcc/x86_64-unknown-linux-gnu/5.5.0 -L/home/linuxbrew/.linuxbrew/Cellar/gcc/5.5.0_4/lib/gcc/x86_64-unknown-linux-gnu/5.5.0/../../.. -L/lib/x86_64-linux-gnu -L/usr/lib/x86_64-linux-gnu -L/home/linuxbrew/.linuxbrew/lib CMakeFiles/cmTC_8c290.dir/CMakeCXXCompilerABI.cpp.o -lstdc++ -lm -lgcc_s -lgcc -lc -lgcc_s -lgcc /home/linuxbrew/.linuxbrew/Cellar/gcc/5.5.0_4/lib/gcc/x86_64-unknown-linux-gnu/5.5.0/crtend.o /home/linuxbrew/.linuxbrew/Cellar/gcc/5.5.0_4/lib/gcc/x86_64-unknown-linux-gnu/5.5.0/crtn.o]
    arg [/home/linuxbrew/.linuxbrew/Cellar/gcc/5.5.0_4/libexec/gcc/x86_64-unknown-linux-gnu/5.5.0/collect2] ==> ignore
    arg [-plugin] ==> ignore
    arg [/home/linuxbrew/.linuxbrew/Cellar/gcc/5.5.0_4/libexec/gcc/x86_64-unknown-linux-gnu/5.5.0/liblto_plugin.so] ==> ignore
    arg [-plugin-opt=/home/linuxbrew/.linuxbrew/Cellar/gcc/5.5.0_4/libexec/gcc/x86_64-unknown-linux-gnu/5.5.0/lto-wrapper] ==> ignore
    arg [-plugin-opt=-fresolution=/tmp/cc5T9XkD.res] ==> ignore
    arg [-plugin-opt=-pass-through=-lgcc_s] ==> ignore
    arg [-plugin-opt=-pass-through=-lgcc] ==> ignore
    arg [-plugin-opt=-pass-through=-lc] ==> ignore
    arg [-plugin-opt=-pass-through=-lgcc_s] ==> ignore
    arg [-plugin-opt=-pass-through=-lgcc] ==> ignore
    arg [--eh-frame-hdr] ==> ignore
    arg [-m] ==> ignore
    arg [elf_x86_64] ==> ignore
    arg [-dynamic-linker] ==> ignore
    arg [/lib64/ld-linux-x86-64.so.2] ==> ignore
    arg [--dynamic-linker] ==> ignore
    arg [/home/linuxbrew/.linuxbrew/lib/ld.so] ==> ignore
    arg [-rpath] ==> ignore
    arg [/home/linuxbrew/.linuxbrew/lib] ==> ignore
    arg [-o] ==> ignore
    arg [cmTC_8c290] ==> ignore
    arg [/home/linuxbrew/.linuxbrew/Cellar/gcc/5.5.0_4/lib/gcc/x86_64-unknown-linux-gnu/5.5.0/crt1.o] ==> ignore
    arg [/home/linuxbrew/.linuxbrew/Cellar/gcc/5.5.0_4/lib/gcc/x86_64-unknown-linux-gnu/5.5.0/crti.o] ==> ignore
    arg [/home/linuxbrew/.linuxbrew/Cellar/gcc/5.5.0_4/lib/gcc/x86_64-unknown-linux-gnu/5.5.0/crtbegin.o] ==> ignore
    arg [-L/home/linuxbrew/.linuxbrew/Cellar/gcc/5.5.0_4/lib/gcc/x86_64-unknown-linux-gnu/5.5.0] ==> dir [/home/linuxbrew/.linuxbrew/Cellar/gcc/5.5.0_4/lib/gcc/x86_64-unknown-linux-gnu/5.5.0]
    arg [-L/home/linuxbrew/.linuxbrew/Cellar/gcc/5.5.0_4/lib/gcc/x86_64-unknown-linux-gnu/5.5.0/../../..] ==> dir [/home/linuxbrew/.linuxbrew/Cellar/gcc/5.5.0_4/lib/gcc/x86_64-unknown-linux-gnu/5.5.0/../../..]
    arg [-L/lib/x86_64-linux-gnu] ==> dir [/lib/x86_64-linux-gnu]
    arg [-L/usr/lib/x86_64-linux-gnu] ==> dir [/usr/lib/x86_64-linux-gnu]
    arg [-L/home/linuxbrew/.linuxbrew/lib] ==> dir [/home/linuxbrew/.linuxbrew/lib]
    arg [CMakeFiles/cmTC_8c290.dir/CMakeCXXCompilerABI.cpp.o] ==> ignore
    arg [-lstdc++] ==> lib [stdc++]
    arg [-lm] ==> lib [m]
    arg [-lgcc_s] ==> lib [gcc_s]
    arg [-lgcc] ==> lib [gcc]
    arg [-lc] ==> lib [c]
    arg [-lgcc_s] ==> lib [gcc_s]
    arg [-lgcc] ==> lib [gcc]
    arg [/home/linuxbrew/.linuxbrew/Cellar/gcc/5.5.0_4/lib/gcc/x86_64-unknown-linux-gnu/5.5.0/crtend.o] ==> ignore
    arg [/home/linuxbrew/.linuxbrew/Cellar/gcc/5.5.0_4/lib/gcc/x86_64-unknown-linux-gnu/5.5.0/crtn.o] ==> ignore
  collapse library dir [/home/linuxbrew/.linuxbrew/Cellar/gcc/5.5.0_4/lib/gcc/x86_64-unknown-linux-gnu/5.5.0] ==> [/home/linuxbrew/.linuxbrew/Cellar/gcc/5.5.0_4/lib/gcc/x86_64-unknown-linux-gnu/5.5.0]
  collapse library dir [/home/linuxbrew/.linuxbrew/Cellar/gcc/5.5.0_4/lib/gcc/x86_64-unknown-linux-gnu/5.5.0/../../..] ==> [/home/linuxbrew/.linuxbrew/Cellar/gcc/5.5.0_4/lib]
  collapse library dir [/lib/x86_64-linux-gnu] ==> [/lib/x86_64-linux-gnu]
  collapse library dir [/usr/lib/x86_64-linux-gnu] ==> [/usr/lib/x86_64-linux-gnu]
  collapse library dir [/home/linuxbrew/.linuxbrew/lib] ==> [/home/linuxbrew/.linuxbrew/lib]
  implicit libs: [stdc++;m;gcc_s;gcc;c;gcc_s;gcc]
  implicit dirs: [/home/linuxbrew/.linuxbrew/Cellar/gcc/5.5.0_4/lib/gcc/x86_64-unknown-linux-gnu/5.5.0;/home/linuxbrew/.linuxbrew/Cellar/gcc/5.5.0_4/lib;/lib/x86_64-linux-gnu;/usr/lib/x86_64-linux-gnu;/home/linuxbrew/.linuxbrew/lib]
  implicit fwks: []




Detecting CXX [-std=c++1z] compiler features compiled with the following output:
Change Dir: /home/ugurcan/sieve-of-eratosthenes/CMakeFiles/CMakeTmp

Run Build Command:"/usr/bin/make" "cmTC_d25db/fast"
/usr/bin/make -f CMakeFiles/cmTC_d25db.dir/build.make CMakeFiles/cmTC_d25db.dir/build
make[1]: Entering directory '/home/ugurcan/sieve-of-eratosthenes/CMakeFiles/CMakeTmp'
Building CXX object CMakeFiles/cmTC_d25db.dir/feature_tests.cxx.o
/home/linuxbrew/.linuxbrew/bin/c++    -std=c++1z -o CMakeFiles/cmTC_d25db.dir/feature_tests.cxx.o -c /home/ugurcan/sieve-of-eratosthenes/CMakeFiles/feature_tests.cxx
Linking CXX executable cmTC_d25db
/usr/bin/cmake -E cmake_link_script CMakeFiles/cmTC_d25db.dir/link.txt --verbose=1
/home/linuxbrew/.linuxbrew/bin/c++       CMakeFiles/cmTC_d25db.dir/feature_tests.cxx.o  -o cmTC_d25db 
make[1]: Leaving directory '/home/ugurcan/sieve-of-eratosthenes/CMakeFiles/CMakeTmp'


    Feature record: CXX_FEATURE:1cxx_aggregate_default_initializers
    Feature record: CXX_FEATURE:1cxx_alias_templates
    Feature record: CXX_FEATURE:1cxx_alignas
    Feature record: CXX_FEATURE:1cxx_alignof
    Feature record: CXX_FEATURE:1cxx_attributes
    Feature record: CXX_FEATURE:1cxx_attribute_deprecated
    Feature record: CXX_FEATURE:1cxx_auto_type
    Feature record: CXX_FEATURE:1cxx_binary_literals
    Feature record: CXX_FEATURE:1cxx_constexpr
    Feature record: CXX_FEATURE:1cxx_contextual_conversions
    Feature record: CXX_FEATURE:1cxx_decltype
    Feature record: CXX_FEATURE:1cxx_decltype_auto
    Feature record: CXX_FEATURE:1cxx_decltype_incomplete_return_types
    Feature record: CXX_FEATURE:1cxx_default_function_template_args
    Feature record: CXX_FEATURE:1cxx_defaulted_functions
    Feature record: CXX_FEATURE:1cxx_defaulted_move_initializers
    Feature record: CXX_FEATURE:1cxx_delegating_constructors
    Feature record: CXX_FEATURE:1cxx_deleted_functions
    Feature record: CXX_FEATURE:1cxx_digit_separators
    Feature record: CXX_FEATURE:1cxx_enum_forward_declarations
    Feature record: CXX_FEATURE:1cxx_explicit_conversions
    Feature record: CXX_FEATURE:1cxx_extended_friend_declarations
    Feature record: CXX_FEATURE:1cxx_extern_templates
    Feature record: CXX_FEATURE:1cxx_final
    Feature record: CXX_FEATURE:1cxx_func_identifier
    Feature record: CXX_FEATURE:1cxx_generalized_initializers
    Feature record: CXX_FEATURE:1cxx_generic_lambdas
    Feature record: CXX_FEATURE:1cxx_inheriting_constructors
    Feature record: CXX_FEATURE:1cxx_inline_namespaces
    Feature record: CXX_FEATURE:1cxx_lambdas
    Feature record: CXX_FEATURE:1cxx_lambda_init_captures
    Feature record: CXX_FEATURE:1cxx_local_type_template_args
    Feature record: CXX_FEATURE:1cxx_long_long_type
    Feature record: CXX_FEATURE:1cxx_noexcept
    Feature record: CXX_FEATURE:1cxx_nonstatic_member_init
    Feature record: CXX_FEATURE:1cxx_nullptr
    Feature record: CXX_FEATURE:1cxx_override
    Feature record: CXX_FEATURE:1cxx_range_for
    Feature record: CXX_FEATURE:1cxx_raw_string_literals
    Feature record: CXX_FEATURE:1cxx_reference_qualified_functions
    Feature record: CXX_FEATURE:1cxx_relaxed_constexpr
    Feature record: CXX_FEATURE:1cxx_return_type_deduction
    Feature record: CXX_FEATURE:1cxx_right_angle_brackets
    Feature record: CXX_FEATURE:1cxx_rvalue_references
    Feature record: CXX_FEATURE:1cxx_sizeof_member
    Feature record: CXX_FEATURE:1cxx_static_assert
    Feature record: CXX_FEATURE:1cxx_strong_enums
    Feature record: CXX_FEATURE:1cxx_template_template_parameters
    Feature record: CXX_FEATURE:1cxx_thread_local
    Feature record: CXX_FEATURE:1cxx_trailing_return_types
    Feature record: CXX_FEATURE:1cxx_unicode_literals
    Feature record: CXX_FEATURE:1cxx_uniform_initialization
    Feature record: CXX_FEATURE:1cxx_unrestricted_unions
    Feature record: CXX_FEATURE:1cxx_user_literals
    Feature record: CXX_FEATURE:1cxx_variable_templates
    Feature record: CXX_FEATURE:1cxx_variadic_macros
    Feature record: CXX_FEATURE:1cxx_variadic_templates


Detecting CXX [-std=c++14] compiler features compiled with the following output:
Change Dir: /home/ugurcan/sieve-of-eratosthenes/CMakeFiles/CMakeTmp

Run Build Command:"/usr/bin/make" "cmTC_242d4/fast"
/usr/bin/make -f CMakeFiles/cmTC_242d4.dir/build.make CMakeFiles/cmTC_242d4.dir/build
make[1]: Entering directory '/home/ugurcan/sieve-of-eratosthenes/CMakeFiles/CMakeTmp'
Building CXX object CMakeFiles/cmTC_242d4.dir/feature_tests.cxx.o
/home/linuxbrew/.linuxbrew/bin/c++    -std=c++14 -o CMakeFiles/cmTC_242d4.dir/feature_tests.cxx.o -c /home/ugurcan/sieve-of-eratosthenes/CMakeFiles/feature_tests.cxx
Linking CXX executable cmTC_242d4
/usr/bin/cmake -E cmake_link_script CMakeFiles/cmTC_242d4.dir/link.txt --verbose=1
/home/linuxbrew/.linuxbrew/bin/c++       CMakeFiles/cmTC_242d4.dir/feature_tests.cxx.o  -o cmTC_242d4 
make[1]: Leaving directory '/home/ugurcan/sieve-of-eratosthenes/CMakeFiles/CMakeTmp'


    Feature record: CXX_FEATURE:1cxx_aggregate_default_initializers
    Feature record: CXX_FEATURE:1cxx_alias_templates
    Feature record: CXX_FEATURE:1cxx_alignas
    Feature record: CXX_FEATURE:1cxx_alignof
    Feature record: CXX_FEATURE:1cxx_attributes
    Feature record: CXX_FEATURE:1cxx_attribute_deprecated
    Feature record: CXX_FEATURE:1cxx_auto_type
    Feature record: CXX_FEATURE:1cxx_binary_literals
    Feature record: CXX_FEATURE:1cxx_constexpr
    Feature record: CXX_FEATURE:1cxx_contextual_conversions
    Feature record: CXX_FEATURE:1cxx_decltype
    Feature record: CXX_FEATURE:1cxx_decltype_auto
    Feature record: CXX_FEATURE:1cxx_decltype_incomplete_return_types
    Feature record: CXX_FEATURE:1cxx_default_function_template_args
    Feature record: CXX_FEATURE:1cxx_defaulted_functions
    Feature record: CXX_FEATURE:1cxx_defaulted_move_initializers
    Feature record: CXX_FEATURE:1cxx_delegating_constructors
    Feature record: CXX_FEATURE:1cxx_deleted_functions
    Feature record: CXX_FEATURE:1cxx_digit_separators
    Feature record: CXX_FEATURE:1cxx_enum_forward_declarations
    Feature record: CXX_FEATURE:1cxx_explicit_conversions
    Feature record: CXX_FEATURE:1cxx_extended_friend_declarations
    Feature record: CXX_FEATURE:1cxx_extern_templates
    Feature record: CXX_FEATURE:1cxx_final
    Feature record: CXX_FEATURE:1cxx_func_identifier
    Feature record: CXX_FEATURE:1cxx_generalized_initializers
    Feature record: CXX_FEATURE:1cxx_generic_lambdas
    Feature record: CXX_FEATURE:1cxx_inheriting_constructors
    Feature record: CXX_FEATURE:1cxx_inline_namespaces
    Feature record: CXX_FEATURE:1cxx_lambdas
    Feature record: CXX_FEATURE:1cxx_lambda_init_captures
    Feature record: CXX_FEATURE:1cxx_local_type_template_args
    Feature record: CXX_FEATURE:1cxx_long_long_type
    Feature record: CXX_FEATURE:1cxx_noexcept
    Feature record: CXX_FEATURE:1cxx_nonstatic_member_init
    Feature record: CXX_FEATURE:1cxx_nullptr
    Feature record: CXX_FEATURE:1cxx_override
    Feature record: CXX_FEATURE:1cxx_range_for
    Feature record: CXX_FEATURE:1cxx_raw_string_literals
    Feature record: CXX_FEATURE:1cxx_reference_qualified_functions
    Feature record: CXX_FEATURE:1cxx_relaxed_constexpr
    Feature record: CXX_FEATURE:1cxx_return_type_deduction
    Feature record: CXX_FEATURE:1cxx_right_angle_brackets
    Feature record: CXX_FEATURE:1cxx_rvalue_references
    Feature record: CXX_FEATURE:1cxx_sizeof_member
    Feature record: CXX_FEATURE:1cxx_static_assert
    Feature record: CXX_FEATURE:1cxx_strong_enums
    Feature record: CXX_FEATURE:1cxx_template_template_parameters
    Feature record: CXX_FEATURE:1cxx_thread_local
    Feature record: CXX_FEATURE:1cxx_trailing_return_types
    Feature record: CXX_FEATURE:1cxx_unicode_literals
    Feature record: CXX_FEATURE:1cxx_uniform_initialization
    Feature record: CXX_FEATURE:1cxx_unrestricted_unions
    Feature record: CXX_FEATURE:1cxx_user_literals
    Feature record: CXX_FEATURE:1cxx_variable_templates
    Feature record: CXX_FEATURE:1cxx_variadic_macros
    Feature record: CXX_FEATURE:1cxx_variadic_templates


Detecting CXX [-std=c++11] compiler features compiled with the following output:
Change Dir: /home/ugurcan/sieve-of-eratosthenes/CMakeFiles/CMakeTmp

Run Build Command:"/usr/bin/make" "cmTC_a66e9/fast"
/usr/bin/make -f CMakeFiles/cmTC_a66e9.dir/build.make CMakeFiles/cmTC_a66e9.dir/build
make[1]: Entering directory '/home/ugurcan/sieve-of-eratosthenes/CMakeFiles/CMakeTmp'
Building CXX object CMakeFiles/cmTC_a66e9.dir/feature_tests.cxx.o
/home/linuxbrew/.linuxbrew/bin/c++    -std=c++11 -o CMakeFiles/cmTC_a66e9.dir/feature_tests.cxx.o -c /home/ugurcan/sieve-of-eratosthenes/CMakeFiles/feature_tests.cxx
Linking CXX executable cmTC_a66e9
/usr/bin/cmake -E cmake_link_script CMakeFiles/cmTC_a66e9.dir/link.txt --verbose=1
/home/linuxbrew/.linuxbrew/bin/c++       CMakeFiles/cmTC_a66e9.dir/feature_tests.cxx.o  -o cmTC_a66e9 
make[1]: Leaving directory '/home/ugurcan/sieve-of-eratosthenes/CMakeFiles/CMakeTmp'


    Feature record: CXX_FEATURE:0cxx_aggregate_default_initializers
    Feature record: CXX_FEATURE:1cxx_alias_templates
    Feature record: CXX_FEATURE:1cxx_alignas
    Feature record: CXX_FEATURE:1cxx_alignof
    Feature record: CXX_FEATURE:1cxx_attributes
    Feature record: CXX_FEATURE:0cxx_attribute_deprecated
    Feature record: CXX_FEATURE:1cxx_auto_type
    Feature record: CXX_FEATURE:0cxx_binary_literals
    Feature record: CXX_FEATURE:1cxx_constexpr
    Feature record: CXX_FEATURE:0cxx_contextual_conversions
    Feature record: CXX_FEATURE:1cxx_decltype
    Feature record: CXX_FEATURE:0cxx_decltype_auto
    Feature record: CXX_FEATURE:1cxx_decltype_incomplete_return_types
    Feature record: CXX_FEATURE:1cxx_default_function_template_args
    Feature record: CXX_FEATURE:1cxx_defaulted_functions
    Feature record: CXX_FEATURE:1cxx_defaulted_move_initializers
    Feature record: CXX_FEATURE:1cxx_delegating_constructors
    Feature record: CXX_FEATURE:1cxx_deleted_functions
    Feature record: CXX_FEATURE:0cxx_digit_separators
    Feature record: CXX_FEATURE:1cxx_enum_forward_declarations
    Feature record: CXX_FEATURE:1cxx_explicit_conversions
    Feature record: CXX_FEATURE:1cxx_extended_friend_declarations
    Feature record: CXX_FEATURE:1cxx_extern_templates
    Feature record: CXX_FEATURE:1cxx_final
    Feature record: CXX_FEATURE:1cxx_func_identifier
    Feature record: CXX_FEATURE:1cxx_generalized_initializers
    Feature record: CXX_FEATURE:0cxx_generic_lambdas
    Feature record: CXX_FEATURE:1cxx_inheriting_constructors
    Feature record: CXX_FEATURE:1cxx_inline_namespaces
    Feature record: CXX_FEATURE:1cxx_lambdas
    Feature record: CXX_FEATURE:0cxx_lambda_init_captures
    Feature record: CXX_FEATURE:1cxx_local_type_template_args
    Feature record: CXX_FEATURE:1cxx_long_long_type
    Feature record: CXX_FEATURE:1cxx_noexcept
    Feature record: CXX_FEATURE:1cxx_nonstatic_member_init
    Feature record: CXX_FEATURE:1cxx_nullptr
    Feature record: CXX_FEATURE:1cxx_override
    Feature record: CXX_FEATURE:1cxx_range_for
    Feature record: CXX_FEATURE:1cxx_raw_string_literals
    Feature record: CXX_FEATURE:1cxx_reference_qualified_functions
    Feature record: CXX_FEATURE:0cxx_relaxed_constexpr
    Feature record: CXX_FEATURE:0cxx_return_type_deduction
    Feature record: CXX_FEATURE:1cxx_right_angle_brackets
    Feature record: CXX_FEATURE:1cxx_rvalue_references
    Feature record: CXX_FEATURE:1cxx_sizeof_member
    Feature record: CXX_FEATURE:1cxx_static_assert
    Feature record: CXX_FEATURE:1cxx_strong_enums
    Feature record: CXX_FEATURE:1cxx_template_template_parameters
    Feature record: CXX_FEATURE:1cxx_thread_local
    Feature record: CXX_FEATURE:1cxx_trailing_return_types
    Feature record: CXX_FEATURE:1cxx_unicode_literals
    Feature record: CXX_FEATURE:1cxx_uniform_initialization
    Feature record: CXX_FEATURE:1cxx_unrestricted_unions
    Feature record: CXX_FEATURE:1cxx_user_literals
    Feature record: CXX_FEATURE:0cxx_variable_templates
    Feature record: CXX_FEATURE:1cxx_variadic_macros
    Feature record: CXX_FEATURE:1cxx_variadic_templates


Detecting CXX [-std=c++98] compiler features compiled with the following output:
Change Dir: /home/ugurcan/sieve-of-eratosthenes/CMakeFiles/CMakeTmp

Run Build Command:"/usr/bin/make" "cmTC_1547b/fast"
/usr/bin/make -f CMakeFiles/cmTC_1547b.dir/build.make CMakeFiles/cmTC_1547b.dir/build
make[1]: Entering directory '/home/ugurcan/sieve-of-eratosthenes/CMakeFiles/CMakeTmp'
Building CXX object CMakeFiles/cmTC_1547b.dir/feature_tests.cxx.o
/home/linuxbrew/.linuxbrew/bin/c++    -std=c++98 -o CMakeFiles/cmTC_1547b.dir/feature_tests.cxx.o -c /home/ugurcan/sieve-of-eratosthenes/CMakeFiles/feature_tests.cxx
Linking CXX executable cmTC_1547b
/usr/bin/cmake -E cmake_link_script CMakeFiles/cmTC_1547b.dir/link.txt --verbose=1
/home/linuxbrew/.linuxbrew/bin/c++       CMakeFiles/cmTC_1547b.dir/feature_tests.cxx.o  -o cmTC_1547b 
make[1]: Leaving directory '/home/ugurcan/sieve-of-eratosthenes/CMakeFiles/CMakeTmp'


    Feature record: CXX_FEATURE:0cxx_aggregate_default_initializers
    Feature record: CXX_FEATURE:0cxx_alias_templates
    Feature record: CXX_FEATURE:0cxx_alignas
    Feature record: CXX_FEATURE:0cxx_alignof
    Feature record: CXX_FEATURE:0cxx_attributes
    Feature record: CXX_FEATURE:0cxx_attribute_deprecated
    Feature record: CXX_FEATURE:0cxx_auto_type
    Feature record: CXX_FEATURE:0cxx_binary_literals
    Feature record: CXX_FEATURE:0cxx_constexpr
    Feature record: CXX_FEATURE:0cxx_contextual_conversions
    Feature record: CXX_FEATURE:0cxx_decltype
    Feature record: CXX_FEATURE:0cxx_decltype_auto
    Feature record: CXX_FEATURE:0cxx_decltype_incomplete_return_types
    Feature record: CXX_FEATURE:0cxx_default_function_template_args
    Feature record: CXX_FEATURE:0cxx_defaulted_functions
    Feature record: CXX_FEATURE:0cxx_defaulted_move_initializers
    Feature record: CXX_FEATURE:0cxx_delegating_constructors
    Feature record: CXX_FEATURE:0cxx_deleted_functions
    Feature record: CXX_FEATURE:0cxx_digit_separators
    Feature record: CXX_FEATURE:0cxx_enum_forward_declarations
    Feature record: CXX_FEATURE:0cxx_explicit_conversions
    Feature record: CXX_FEATURE:0cxx_extended_friend_declarations
    Feature record: CXX_FEATURE:0cxx_extern_templates
    Feature record: CXX_FEATURE:0cxx_final
    Feature record: CXX_FEATURE:0cxx_func_identifier
    Feature record: CXX_FEATURE:0cxx_generalized_initializers
    Feature record: CXX_FEATURE:0cxx_generic_lambdas
    Feature record: CXX_FEATURE:0cxx_inheriting_constructors
    Feature record: CXX_FEATURE:0cxx_inline_namespaces
    Feature record: CXX_FEATURE:0cxx_lambdas
    Feature record: CXX_FEATURE:0cxx_lambda_init_captures
    Feature record: CXX_FEATURE:0cxx_local_type_template_args
    Feature record: CXX_FEATURE:0cxx_long_long_type
    Feature record: CXX_FEATURE:0cxx_noexcept
    Feature record: CXX_FEATURE:0cxx_nonstatic_member_init
    Feature record: CXX_FEATURE:0cxx_nullptr
    Feature record: CXX_FEATURE:0cxx_override
    Feature record: CXX_FEATURE:0cxx_range_for
    Feature record: CXX_FEATURE:0cxx_raw_string_literals
    Feature record: CXX_FEATURE:0cxx_reference_qualified_functions
    Feature record: CXX_FEATURE:0cxx_relaxed_constexpr
    Feature record: CXX_FEATURE:0cxx_return_type_deduction
    Feature record: CXX_FEATURE:0cxx_right_angle_brackets
    Feature record: CXX_FEATURE:0cxx_rvalue_references
    Feature record: CXX_FEATURE:0cxx_sizeof_member
    Feature record: CXX_FEATURE:0cxx_static_assert
    Feature record: CXX_FEATURE:0cxx_strong_enums
    Feature record: CXX_FEATURE:1cxx_template_template_parameters
    Feature record: CXX_FEATURE:0cxx_thread_local
    Feature record: CXX_FEATURE:0cxx_trailing_return_types
    Feature record: CXX_FEATURE:0cxx_unicode_literals
    Feature record: CXX_FEATURE:0cxx_uniform_initialization
    Feature record: CXX_FEATURE:0cxx_unrestricted_unions
    Feature record: CXX_FEATURE:0cxx_user_literals
    Feature record: CXX_FEATURE:0cxx_variable_templates
    Feature record: CXX_FEATURE:0cxx_variadic_macros
    Feature record: CXX_FEATURE:0cxx_variadic_templates
